<?xml version="1.0" encoding="UTF-8"?>
<!-- Generated by org.testng.reporters.JUnitReportReporter -->
<testsuite hostname="Marias-MacBook-Pro.local" failures="0" tests="7" name="automation.HomePageTest" time="4.773" errors="0" timestamp="2022-07-13T16:51:50 PDT" skipped="0">
  <testcase classname="automation.HomePageTest" name="dropDownExample" time="1.434"/>
  <system-out/>
  <testcase classname="automation.HomePageTest" name="elementDisplayedExample" time="0.292"/>
  <system-out/>
  <testcase classname="automation.HomePageTest" name="radioButtonExample" time="0.334"/>
  <system-out/>
  <testcase classname="automation.HomePageTest" name="switchToAlertExample" time="0.752"/>
  <system-out/>
  <testcase classname="automation.HomePageTest" name="mouseHoverExample" time="1.302"/>
  <system-out/>
  <testcase classname="automation.HomePageTest" name="checkBoxExample" time="0.205"/>
  <system-out/>
  <testcase classname="automation.HomePageTest" name="suggestionClassExample" time="0.454"/>
  <system-out/>
</testsuite> <!-- automation.HomePageTest -->
