<?xml version="1.0" encoding="UTF-8"?>
<!-- Generated by org.testng.reporters.JUnitReportReporter -->
<testsuite hostname="Marias-MacBook-Pro.local" failures="0" tests="1" name="automation.FooterLinksTest" time="3.786" errors="0" timestamp="2022-06-10T13:00:36 PDT" skipped="0">
  <testcase classname="automation.FooterLinksTest" name="verifyFooterLinks" time="3.786"/>
  <system-out/>
</testsuite> <!-- automation.FooterLinksTest -->
