<?xml version="1.0" encoding="UTF-8"?>
<!-- Generated by org.testng.reporters.JUnitReportReporter -->
<testsuite hostname="Marias-MacBook-Pro.local" failures="0" tests="1" name="automation.NavBarTest" time="8.560" errors="0" timestamp="2022-06-09T22:40:51 PDT" skipped="0">
  <testcase classname="automation.NavBarTest" name="validateHeaderNavLinks" time="8.560"/>
  <system-out/>
</testsuite> <!-- automation.NavBarTest -->
