<?xml version="1.0" encoding="UTF-8"?>
<!-- Generated by org.testng.reporters.JUnitReportReporter -->
<testsuite hostname="Marias-MacBook-Pro.local" failures="0" tests="7" name="automation.HomePageTest" time="4.233" errors="0" timestamp="2022-06-10T12:06:32 PDT" skipped="0">
  <testcase classname="automation.HomePageTest" name="suggestionClassExample" time="0.419"/>
  <system-out/>
  <testcase classname="automation.HomePageTest" name="checkBoxExample" time="0.491"/>
  <system-out/>
  <testcase classname="automation.HomePageTest" name="radioButtonExample" time="0.499"/>
  <system-out/>
  <testcase classname="automation.HomePageTest" name="mouseHoverExample" time="1.300"/>
  <system-out/>
  <testcase classname="automation.HomePageTest" name="elementDisplayedExample" time="0.329"/>
  <system-out/>
  <testcase classname="automation.HomePageTest" name="switchToAlertExample" time="0.730"/>
  <system-out/>
  <testcase classname="automation.HomePageTest" name="dropDownExample" time="0.465"/>
  <system-out/>
</testsuite> <!-- automation.HomePageTest -->
