<?xml version="1.0" encoding="UTF-8"?>
<!-- Generated by org.testng.reporters.JUnitReportReporter -->
<testsuite hostname="Marias-MacBook-Pro.local" failures="0" tests="1" name="automation.SwitchTabTest" time="1.124" errors="0" timestamp="2022-06-09T22:40:51 PDT" skipped="0">
  <testcase classname="automation.SwitchTabTest" name="switchTabExample" time="1.124"/>
  <system-out/>
</testsuite> <!-- automation.SwitchTabTest -->
