<?xml version="1.0" encoding="UTF-8"?>
<!-- Generated by org.testng.reporters.JUnitReportReporter -->
<testsuite hostname="Marias-MacBook-Pro.local" failures="0" tests="1" name="automation.WebTablesTest" time="0.327" errors="0" timestamp="2022-07-15T14:23:28 PDT" skipped="0">
  <testcase classname="automation.WebTablesTest" name="webTableExample" time="0.327"/>
  <system-out/>
</testsuite> <!-- automation.WebTablesTest -->
