<?xml version="1.0" encoding="UTF-8"?>
<!-- Generated by org.testng.reporters.JUnitReportReporter -->
<testsuite hostname="Marias-MacBook-Pro.local" failures="0" tests="1" name="automation.WebTablesTest" time="0.417" errors="0" timestamp="2022-06-10T13:19:30 PDT" skipped="0">
  <testcase classname="automation.WebTablesTest" name="webTableExample" time="0.417"/>
  <system-out/>
</testsuite> <!-- automation.WebTablesTest -->
