<?xml version="1.0" encoding="UTF-8"?>
<!-- Generated by org.testng.reporters.JUnitReportReporter -->
<testsuite hostname="Marias-MacBook-Pro.local" failures="0" tests="1" name="automation.NavBarTest" time="5.981" errors="0" timestamp="2022-06-10T13:19:30 PDT" skipped="0">
  <testcase classname="automation.NavBarTest" name="validateHeaderNavLinks" time="5.981"/>
  <system-out/>
</testsuite> <!-- automation.NavBarTest -->
