<?xml version="1.0" encoding="UTF-8"?>
<!-- Generated by org.testng.reporters.JUnitReportReporter -->
<testsuite hostname="Marias-MacBook-Pro.local" failures="0" tests="1" name="automation.SwitchWindowTest" time="18.989" errors="0" timestamp="2022-06-10T13:19:30 PDT" skipped="0">
  <testcase classname="automation.SwitchWindowTest" name="switchWindowExample" time="18.989"/>
  <system-out/>
</testsuite> <!-- automation.SwitchWindowTest -->
