<?xml version="1.0" encoding="UTF-8"?>
<!-- Generated by org.testng.reporters.JUnitReportReporter -->
<testsuite hostname="Marias-MacBook-Pro.local" failures="0" tests="7" name="automation.HomePageTest" time="4.166" errors="0" timestamp="2022-06-10T13:19:30 PDT" skipped="0">
  <testcase classname="automation.HomePageTest" name="radioButtonExample" time="0.519"/>
  <system-out/>
  <testcase classname="automation.HomePageTest" name="elementDisplayedExample" time="0.295"/>
  <system-out/>
  <testcase classname="automation.HomePageTest" name="dropDownExample" time="0.459"/>
  <system-out/>
  <testcase classname="automation.HomePageTest" name="checkBoxExample" time="0.488"/>
  <system-out/>
  <testcase classname="automation.HomePageTest" name="switchToAlertExample" time="0.744"/>
  <system-out/>
  <testcase classname="automation.HomePageTest" name="mouseHoverExample" time="1.235"/>
  <system-out/>
  <testcase classname="automation.HomePageTest" name="suggestionClassExample" time="0.426"/>
  <system-out/>
</testsuite> <!-- automation.HomePageTest -->
