<?xml version="1.0" encoding="UTF-8"?>
<!-- Generated by org.testng.reporters.JUnitReportReporter -->
<testsuite hostname="Marias-MacBook-Pro.local" failures="0" tests="7" name="automation.HomePageTest" time="3.842" errors="0" timestamp="2022-07-15T14:23:28 PDT" skipped="0">
  <testcase classname="automation.HomePageTest" name="checkBoxExample" time="0.342"/>
  <system-out/>
  <testcase classname="automation.HomePageTest" name="elementDisplayedExample" time="0.283"/>
  <system-out/>
  <testcase classname="automation.HomePageTest" name="radioButtonExample" time="0.344"/>
  <system-out/>
  <testcase classname="automation.HomePageTest" name="suggestionClassExample" time="0.432"/>
  <system-out/>
  <testcase classname="automation.HomePageTest" name="dropDownExample" time="0.471"/>
  <system-out/>
  <testcase classname="automation.HomePageTest" name="switchToAlertExample" time="0.718"/>
  <system-out/>
  <testcase classname="automation.HomePageTest" name="mouseHoverExample" time="1.252"/>
  <system-out/>
</testsuite> <!-- automation.HomePageTest -->
